<?xml version="1.0" encoding="UTF-8"?>
<testsuite xmlns:xsi="http://www.w3.org/2001/XMLSchema-instance" xsi:noNamespaceSchemaLocation="https://maven.apache.org/surefire/maven-surefire-plugin/xsd/surefire-test-report.xsd" name="TestSuite" time="8.984" tests="2" errors="0" skipped="0" failures="0">
  <properties>
    <property name="sun.desktop" value="windows"/>
    <property name="awt.toolkit" value="sun.awt.windows.WToolkit"/>
    <property name="file.encoding.pkg" value="sun.io"/>
    <property name="java.specification.version" value="1.8"/>
    <property name="sun.cpu.isalist" value="amd64"/>
    <property name="sun.jnu.encoding" value="Cp1252"/>
    <property name="java.class.path" value="C:\Users\nitin\Dropbox\My PC (LAPTOP-C379US1T)\Downloads\SPED\SpedAutomation\SpedE2EAutomation\target\test-classes;C:\Users\nitin\Dropbox\My PC (LAPTOP-C379US1T)\Downloads\SPED\SpedAutomation\SpedE2EAutomation\target\classes;C:\Users\nitin\.m2\repository\org\apache\poi\poi\3.6\poi-3.6.jar;C:\Users\nitin\.m2\repository\commons-logging\commons-logging\1.1\commons-logging-1.1.jar;C:\Users\nitin\.m2\repository\logkit\logkit\1.0.1\logkit-1.0.1.jar;C:\Users\nitin\.m2\repository\avalon-framework\avalon-framework\4.1.3\avalon-framework-4.1.3.jar;C:\Users\nitin\.m2\repository\javax\servlet\servlet-api\2.3\servlet-api-2.3.jar;C:\Users\nitin\.m2\repository\log4j\log4j\1.2.13\log4j-1.2.13.jar;C:\Users\nitin\.m2\repository\org\apache\poi\poi-ooxml\3.6\poi-ooxml-3.6.jar;C:\Users\nitin\.m2\repository\org\apache\poi\poi-ooxml-schemas\3.6\poi-ooxml-schemas-3.6.jar;C:\Users\nitin\.m2\repository\org\apache\geronimo\specs\geronimo-stax-api_1.0_spec\1.0\geronimo-stax-api_1.0_spec-1.0.jar;C:\Users\nitin\.m2\repository\dom4j\dom4j\1.1\dom4j-1.1.jar;C:\Users\nitin\.m2\repository\org\apache\xmlbeans\xmlbeans\2.3.0\xmlbeans-2.3.0.jar;C:\Users\nitin\.m2\repository\stax\stax-api\1.0.1\stax-api-1.0.1.jar;C:\Users\nitin\.m2\repository\com\googlecode\json-simple\json-simple\1.1.1\json-simple-1.1.1.jar;C:\Users\nitin\.m2\repository\junit\junit\4.10\junit-4.10.jar;C:\Users\nitin\.m2\repository\org\hamcrest\hamcrest-core\1.1\hamcrest-core-1.1.jar;C:\Users\nitin\.m2\repository\com\google\code\gson\gson\2.8.2\gson-2.8.2.jar;C:\Users\nitin\.m2\repository\org\seleniumhq\selenium\selenium-java\4.1.1\selenium-java-4.1.1.jar;C:\Users\nitin\.m2\repository\org\seleniumhq\selenium\selenium-api\4.1.1\selenium-api-4.1.1.jar;C:\Users\nitin\.m2\repository\org\seleniumhq\selenium\selenium-devtools-v85\4.1.1\selenium-devtools-v85-4.1.1.jar;C:\Users\nitin\.m2\repository\org\seleniumhq\selenium\selenium-devtools-v94\4.1.1\selenium-devtools-v94-4.1.1.jar;C:\Users\nitin\.m2\repository\org\seleniumhq\selenium\selenium-devtools-v95\4.1.1\selenium-devtools-v95-4.1.1.jar;C:\Users\nitin\.m2\repository\org\seleniumhq\selenium\selenium-devtools-v96\4.1.1\selenium-devtools-v96-4.1.1.jar;C:\Users\nitin\.m2\repository\org\seleniumhq\selenium\selenium-edge-driver\4.1.1\selenium-edge-driver-4.1.1.jar;C:\Users\nitin\.m2\repository\org\seleniumhq\selenium\selenium-firefox-driver\4.1.1\selenium-firefox-driver-4.1.1.jar;C:\Users\nitin\.m2\repository\org\seleniumhq\selenium\selenium-firefox-xpi-driver\4.1.1\selenium-firefox-xpi-driver-4.1.1.jar;C:\Users\nitin\.m2\repository\org\seleniumhq\selenium\selenium-ie-driver\4.1.1\selenium-ie-driver-4.1.1.jar;C:\Users\nitin\.m2\repository\org\seleniumhq\selenium\selenium-opera-driver\4.1.1\selenium-opera-driver-4.1.1.jar;C:\Users\nitin\.m2\repository\org\seleniumhq\selenium\selenium-remote-driver\4.1.1\selenium-remote-driver-4.1.1.jar;C:\Users\nitin\.m2\repository\io\netty\netty-buffer\4.1.70.Final\netty-buffer-4.1.70.Final.jar;C:\Users\nitin\.m2\repository\io\netty\netty-codec-http\4.1.70.Final\netty-codec-http-4.1.70.Final.jar;C:\Users\nitin\.m2\repository\io\netty\netty-codec\4.1.70.Final\netty-codec-4.1.70.Final.jar;C:\Users\nitin\.m2\repository\io\netty\netty-handler\4.1.70.Final\netty-handler-4.1.70.Final.jar;C:\Users\nitin\.m2\repository\io\netty\netty-common\4.1.70.Final\netty-common-4.1.70.Final.jar;C:\Users\nitin\.m2\repository\io\netty\netty-transport-classes-epoll\4.1.70.Final\netty-transport-classes-epoll-4.1.70.Final.jar;C:\Users\nitin\.m2\repository\io\netty\netty-transport-classes-kqueue\4.1.70.Final\netty-transport-classes-kqueue-4.1.70.Final.jar;C:\Users\nitin\.m2\repository\io\netty\netty-transport-native-unix-common\4.1.70.Final\netty-transport-native-unix-common-4.1.70.Final.jar;C:\Users\nitin\.m2\repository\io\netty\netty-transport\4.1.70.Final\netty-transport-4.1.70.Final.jar;C:\Users\nitin\.m2\repository\io\netty\netty-resolver\4.1.70.Final\netty-resolver-4.1.70.Final.jar;C:\Users\nitin\.m2\repository\io\opentelemetry\opentelemetry-api\1.9.1\opentelemetry-api-1.9.1.jar;C:\Users\nitin\.m2\repository\io\opentelemetry\opentelemetry-context\1.9.1\opentelemetry-context-1.9.1.jar;C:\Users\nitin\.m2\repository\io\opentelemetry\opentelemetry-exporter-logging\1.9.1\opentelemetry-exporter-logging-1.9.1.jar;C:\Users\nitin\.m2\repository\io\opentelemetry\opentelemetry-sdk-metrics\1.9.1-alpha\opentelemetry-sdk-metrics-1.9.1-alpha.jar;C:\Users\nitin\.m2\repository\io\opentelemetry\opentelemetry-sdk-logs\1.9.1-alpha\opentelemetry-sdk-logs-1.9.1-alpha.jar;C:\Users\nitin\.m2\repository\com\fasterxml\jackson\core\jackson-databind\2.13.0\jackson-databind-2.13.0.jar;C:\Users\nitin\.m2\repository\com\fasterxml\jackson\core\jackson-annotations\2.13.0\jackson-annotations-2.13.0.jar;C:\Users\nitin\.m2\repository\com\fasterxml\jackson\core\jackson-core\2.13.0\jackson-core-2.13.0.jar;C:\Users\nitin\.m2\repository\io\opentelemetry\opentelemetry-sdk-common\1.9.1\opentelemetry-sdk-common-1.9.1.jar;C:\Users\nitin\.m2\repository\io\opentelemetry\opentelemetry-sdk-extension-autoconfigure-spi\1.9.1\opentelemetry-sdk-extension-autoconfigure-spi-1.9.1.jar;C:\Users\nitin\.m2\repository\io\opentelemetry\opentelemetry-sdk-extension-autoconfigure\1.9.1-alpha\opentelemetry-sdk-extension-autoconfigure-1.9.1-alpha.jar;C:\Users\nitin\.m2\repository\io\opentelemetry\opentelemetry-sdk-trace\1.9.1\opentelemetry-sdk-trace-1.9.1.jar;C:\Users\nitin\.m2\repository\io\opentelemetry\opentelemetry-api-metrics\1.9.1-alpha\opentelemetry-api-metrics-1.9.1-alpha.jar;C:\Users\nitin\.m2\repository\io\opentelemetry\opentelemetry-sdk\1.9.1\opentelemetry-sdk-1.9.1.jar;C:\Users\nitin\.m2\repository\io\opentelemetry\opentelemetry-semconv\1.9.1-alpha\opentelemetry-semconv-1.9.1-alpha.jar;C:\Users\nitin\.m2\repository\io\ous\jtoml\2.0.0\jtoml-2.0.0.jar;C:\Users\nitin\.m2\repository\net\bytebuddy\byte-buddy\1.12.2\byte-buddy-1.12.2.jar;C:\Users\nitin\.m2\repository\org\apache\commons\commons-exec\1.3\commons-exec-1.3.jar;C:\Users\nitin\.m2\repository\org\asynchttpclient\async-http-client\2.12.3\async-http-client-2.12.3.jar;C:\Users\nitin\.m2\repository\org\asynchttpclient\async-http-client-netty-utils\2.12.3\async-http-client-netty-utils-2.12.3.jar;C:\Users\nitin\.m2\repository\io\netty\netty-codec-socks\4.1.60.Final\netty-codec-socks-4.1.60.Final.jar;C:\Users\nitin\.m2\repository\io\netty\netty-handler-proxy\4.1.60.Final\netty-handler-proxy-4.1.60.Final.jar;C:\Users\nitin\.m2\repository\io\netty\netty-transport-native-epoll\4.1.60.Final\netty-transport-native-epoll-4.1.60.Final-linux-x86_64.jar;C:\Users\nitin\.m2\repository\io\netty\netty-transport-native-kqueue\4.1.60.Final\netty-transport-native-kqueue-4.1.60.Final-osx-x86_64.jar;C:\Users\nitin\.m2\repository\org\reactivestreams\reactive-streams\1.0.3\reactive-streams-1.0.3.jar;C:\Users\nitin\.m2\repository\com\typesafe\netty\netty-reactive-streams\2.0.4\netty-reactive-streams-2.0.4.jar;C:\Users\nitin\.m2\repository\com\sun\activation\jakarta.activation\1.2.2\jakarta.activation-1.2.2.jar;C:\Users\nitin\.m2\repository\org\seleniumhq\selenium\selenium-http\4.1.1\selenium-http-4.1.1.jar;C:\Users\nitin\.m2\repository\net\jodah\failsafe\2.4.4\failsafe-2.4.4.jar;C:\Users\nitin\.m2\repository\org\seleniumhq\selenium\selenium-safari-driver\4.1.1\selenium-safari-driver-4.1.1.jar;C:\Users\nitin\.m2\repository\org\seleniumhq\selenium\selenium-support\4.1.1\selenium-support-4.1.1.jar;C:\Users\nitin\.m2\repository\org\seleniumhq\selenium\selenium-chrome-driver\4.6.0\selenium-chrome-driver-4.6.0.jar;C:\Users\nitin\.m2\repository\com\google\auto\service\auto-service-annotations\1.0.1\auto-service-annotations-1.0.1.jar;C:\Users\nitin\.m2\repository\com\google\auto\service\auto-service\1.0.1\auto-service-1.0.1.jar;C:\Users\nitin\.m2\repository\com\google\auto\auto-common\1.2\auto-common-1.2.jar;C:\Users\nitin\.m2\repository\com\google\guava\guava\31.1-jre\guava-31.1-jre.jar;C:\Users\nitin\.m2\repository\com\google\guava\failureaccess\1.0.1\failureaccess-1.0.1.jar;C:\Users\nitin\.m2\repository\com\google\guava\listenablefuture\9999.0-empty-to-avoid-conflict-with-guava\listenablefuture-9999.0-empty-to-avoid-conflict-with-guava.jar;C:\Users\nitin\.m2\repository\com\google\code\findbugs\jsr305\3.0.2\jsr305-3.0.2.jar;C:\Users\nitin\.m2\repository\org\checkerframework\checker-qual\3.12.0\checker-qual-3.12.0.jar;C:\Users\nitin\.m2\repository\com\google\errorprone\error_prone_annotations\2.11.0\error_prone_annotations-2.11.0.jar;C:\Users\nitin\.m2\repository\com\google\j2objc\j2objc-annotations\1.3\j2objc-annotations-1.3.jar;C:\Users\nitin\.m2\repository\org\seleniumhq\selenium\selenium-chromium-driver\4.6.0\selenium-chromium-driver-4.6.0.jar;C:\Users\nitin\.m2\repository\org\seleniumhq\selenium\selenium-json\4.6.0\selenium-json-4.6.0.jar;C:\Users\nitin\.m2\repository\org\testng\testng\6.14.3\testng-6.14.3.jar;C:\Users\nitin\.m2\repository\com\beust\jcommander\1.72\jcommander-1.72.jar;C:\Users\nitin\.m2\repository\org\apache-extras\beanshell\bsh\2.0b6\bsh-2.0b6.jar;C:\Users\nitin\.m2\repository\com\codoid\products\fillo\1.16\fillo-1.16.jar;C:\Users\nitin\.m2\repository\io\github\bonigarcia\webdrivermanager\3.0.0\webdrivermanager-3.0.0.jar;C:\Users\nitin\.m2\repository\org\slf4j\slf4j-api\1.7.25\slf4j-api-1.7.25.jar;C:\Users\nitin\.m2\repository\commons-io\commons-io\2.6\commons-io-2.6.jar;C:\Users\nitin\.m2\repository\org\apache\commons\commons-lang3\3.7\commons-lang3-3.7.jar;C:\Users\nitin\.m2\repository\org\apache\httpcomponents\httpclient\4.5.5\httpclient-4.5.5.jar;C:\Users\nitin\.m2\repository\org\apache\httpcomponents\httpcore\4.4.9\httpcore-4.4.9.jar;C:\Users\nitin\.m2\repository\commons-codec\commons-codec\1.10\commons-codec-1.10.jar;C:\Users\nitin\.m2\repository\org\rauschig\jarchivelib\0.8.0\jarchivelib-0.8.0.jar;C:\Users\nitin\.m2\repository\org\apache\commons\commons-compress\1.14\commons-compress-1.14.jar;C:\Users\nitin\.m2\repository\org\jsoup\jsoup\1.11.3\jsoup-1.11.3.jar;C:\Users\nitin\.m2\repository\com\aventstack\extentreports\3.0.7\extentreports-3.0.7.jar;C:\Users\nitin\.m2\repository\org\mongodb\mongodb-driver\3.3.0\mongodb-driver-3.3.0.jar;C:\Users\nitin\.m2\repository\org\mongodb\bson\3.3.0\bson-3.3.0.jar;C:\Users\nitin\.m2\repository\org\mongodb\mongodb-driver-core\3.3.0\mongodb-driver-core-3.3.0.jar;C:\Users\nitin\.m2\repository\org\apache\httpcomponents\httpmime\4.5.2\httpmime-4.5.2.jar;C:\Users\nitin\.m2\repository\com\aventstack\extentreports-testng-adapter\1.2.2\extentreports-testng-adapter-1.2.2.jar;C:\Users\nitin\.m2\repository\com\aventstack\klov-reporter\5.0.1\klov-reporter-5.0.1.jar;C:\Users\nitin\.m2\repository\org\freemarker\freemarker\2.3.23\freemarker-2.3.23.jar;C:\Users\nitin\.m2\repository\io\cucumber\cucumber-java\4.2.0\cucumber-java-4.2.0.jar;C:\Users\nitin\.m2\repository\io\cucumber\cucumber-core\4.2.0\cucumber-core-4.2.0.jar;C:\Users\nitin\.m2\repository\io\cucumber\cucumber-html\0.2.7\cucumber-html-0.2.7.jar;C:\Users\nitin\.m2\repository\io\cucumber\tag-expressions\1.1.1\tag-expressions-1.1.1.jar;C:\Users\nitin\.m2\repository\io\cucumber\cucumber-expressions\6.2.0\cucumber-expressions-6.2.0.jar;C:\Users\nitin\.m2\repository\io\cucumber\datatable\1.1.7\datatable-1.1.7.jar;C:\Users\nitin\.m2\repository\io\cucumber\datatable-dependencies\1.1.7\datatable-dependencies-1.1.7.jar;C:\Users\nitin\.m2\repository\io\cucumber\cucumber-testng\4.2.0\cucumber-testng-4.2.0.jar;C:\Users\nitin\.m2\repository\io\cucumber\cucumber-picocontainer\4.2.0\cucumber-picocontainer-4.2.0.jar;C:\Users\nitin\.m2\repository\io\cucumber\gherkin\5.1.0\gherkin-5.1.0.jar;C:\Users\nitin\.m2\repository\org\picocontainer\picocontainer\2.15\picocontainer-2.15.jar;C:\Users\nitin\.m2\repository\io\cucumber\cucumber-jvm-deps\1.0.6\cucumber-jvm-deps-1.0.6.jar;C:\Users\nitin\.m2\repository\info\cukes\cucumber-java\1.2.5\cucumber-java-1.2.5.jar;C:\Users\nitin\.m2\repository\info\cukes\cucumber-core\1.2.5\cucumber-core-1.2.5.jar;C:\Users\nitin\.m2\repository\info\cukes\cucumber-html\0.2.3\cucumber-html-0.2.3.jar;C:\Users\nitin\.m2\repository\info\cukes\cucumber-jvm-deps\1.0.5\cucumber-jvm-deps-1.0.5.jar;C:\Users\nitin\.m2\repository\info\cukes\gherkin\2.12.2\gherkin-2.12.2.jar;"/>
    <property name="java.vm.vendor" value="Oracle Corporation"/>
    <property name="sun.arch.data.model" value="64"/>
    <property name="user.variant" value=""/>
    <property name="java.vendor.url" value="http://java.oracle.com/"/>
    <property name="user.timezone" value="Asia/Calcutta"/>
    <property name="java.vm.specification.version" value="1.8"/>
    <property name="os.name" value="Windows 10"/>
    <property name="user.country" value="IN"/>
    <property name="sun.java.launcher" value="SUN_STANDARD"/>
    <property name="sun.boot.library.path" value="C:\Program Files\Java\jre1.8.0_251\bin"/>
    <property name="sun.java.command" value="C:\Users\nitin\AppData\Local\Temp\surefire5538160036111176453\surefirebooter7436819606967468767.jar C:\Users\nitin\AppData\Local\Temp\surefire5538160036111176453 2022-12-07T20-19-16_752-jvmRun1 surefire1911416648747101184tmp surefire_07641813651413507589tmp"/>
    <property name="surefire.test.class.path" value="C:\Users\nitin\Dropbox\My PC (LAPTOP-C379US1T)\Downloads\SPED\SpedAutomation\SpedE2EAutomation\target\test-classes;C:\Users\nitin\Dropbox\My PC (LAPTOP-C379US1T)\Downloads\SPED\SpedAutomation\SpedE2EAutomation\target\classes;C:\Users\nitin\.m2\repository\org\apache\poi\poi\3.6\poi-3.6.jar;C:\Users\nitin\.m2\repository\commons-logging\commons-logging\1.1\commons-logging-1.1.jar;C:\Users\nitin\.m2\repository\logkit\logkit\1.0.1\logkit-1.0.1.jar;C:\Users\nitin\.m2\repository\avalon-framework\avalon-framework\4.1.3\avalon-framework-4.1.3.jar;C:\Users\nitin\.m2\repository\javax\servlet\servlet-api\2.3\servlet-api-2.3.jar;C:\Users\nitin\.m2\repository\log4j\log4j\1.2.13\log4j-1.2.13.jar;C:\Users\nitin\.m2\repository\org\apache\poi\poi-ooxml\3.6\poi-ooxml-3.6.jar;C:\Users\nitin\.m2\repository\org\apache\poi\poi-ooxml-schemas\3.6\poi-ooxml-schemas-3.6.jar;C:\Users\nitin\.m2\repository\org\apache\geronimo\specs\geronimo-stax-api_1.0_spec\1.0\geronimo-stax-api_1.0_spec-1.0.jar;C:\Users\nitin\.m2\repository\dom4j\dom4j\1.1\dom4j-1.1.jar;C:\Users\nitin\.m2\repository\org\apache\xmlbeans\xmlbeans\2.3.0\xmlbeans-2.3.0.jar;C:\Users\nitin\.m2\repository\stax\stax-api\1.0.1\stax-api-1.0.1.jar;C:\Users\nitin\.m2\repository\com\googlecode\json-simple\json-simple\1.1.1\json-simple-1.1.1.jar;C:\Users\nitin\.m2\repository\junit\junit\4.10\junit-4.10.jar;C:\Users\nitin\.m2\repository\org\hamcrest\hamcrest-core\1.1\hamcrest-core-1.1.jar;C:\Users\nitin\.m2\repository\com\google\code\gson\gson\2.8.2\gson-2.8.2.jar;C:\Users\nitin\.m2\repository\org\seleniumhq\selenium\selenium-java\4.1.1\selenium-java-4.1.1.jar;C:\Users\nitin\.m2\repository\org\seleniumhq\selenium\selenium-api\4.1.1\selenium-api-4.1.1.jar;C:\Users\nitin\.m2\repository\org\seleniumhq\selenium\selenium-devtools-v85\4.1.1\selenium-devtools-v85-4.1.1.jar;C:\Users\nitin\.m2\repository\org\seleniumhq\selenium\selenium-devtools-v94\4.1.1\selenium-devtools-v94-4.1.1.jar;C:\Users\nitin\.m2\repository\org\seleniumhq\selenium\selenium-devtools-v95\4.1.1\selenium-devtools-v95-4.1.1.jar;C:\Users\nitin\.m2\repository\org\seleniumhq\selenium\selenium-devtools-v96\4.1.1\selenium-devtools-v96-4.1.1.jar;C:\Users\nitin\.m2\repository\org\seleniumhq\selenium\selenium-edge-driver\4.1.1\selenium-edge-driver-4.1.1.jar;C:\Users\nitin\.m2\repository\org\seleniumhq\selenium\selenium-firefox-driver\4.1.1\selenium-firefox-driver-4.1.1.jar;C:\Users\nitin\.m2\repository\org\seleniumhq\selenium\selenium-firefox-xpi-driver\4.1.1\selenium-firefox-xpi-driver-4.1.1.jar;C:\Users\nitin\.m2\repository\org\seleniumhq\selenium\selenium-ie-driver\4.1.1\selenium-ie-driver-4.1.1.jar;C:\Users\nitin\.m2\repository\org\seleniumhq\selenium\selenium-opera-driver\4.1.1\selenium-opera-driver-4.1.1.jar;C:\Users\nitin\.m2\repository\org\seleniumhq\selenium\selenium-remote-driver\4.1.1\selenium-remote-driver-4.1.1.jar;C:\Users\nitin\.m2\repository\io\netty\netty-buffer\4.1.70.Final\netty-buffer-4.1.70.Final.jar;C:\Users\nitin\.m2\repository\io\netty\netty-codec-http\4.1.70.Final\netty-codec-http-4.1.70.Final.jar;C:\Users\nitin\.m2\repository\io\netty\netty-codec\4.1.70.Final\netty-codec-4.1.70.Final.jar;C:\Users\nitin\.m2\repository\io\netty\netty-handler\4.1.70.Final\netty-handler-4.1.70.Final.jar;C:\Users\nitin\.m2\repository\io\netty\netty-common\4.1.70.Final\netty-common-4.1.70.Final.jar;C:\Users\nitin\.m2\repository\io\netty\netty-transport-classes-epoll\4.1.70.Final\netty-transport-classes-epoll-4.1.70.Final.jar;C:\Users\nitin\.m2\repository\io\netty\netty-transport-classes-kqueue\4.1.70.Final\netty-transport-classes-kqueue-4.1.70.Final.jar;C:\Users\nitin\.m2\repository\io\netty\netty-transport-native-unix-common\4.1.70.Final\netty-transport-native-unix-common-4.1.70.Final.jar;C:\Users\nitin\.m2\repository\io\netty\netty-transport\4.1.70.Final\netty-transport-4.1.70.Final.jar;C:\Users\nitin\.m2\repository\io\netty\netty-resolver\4.1.70.Final\netty-resolver-4.1.70.Final.jar;C:\Users\nitin\.m2\repository\io\opentelemetry\opentelemetry-api\1.9.1\opentelemetry-api-1.9.1.jar;C:\Users\nitin\.m2\repository\io\opentelemetry\opentelemetry-context\1.9.1\opentelemetry-context-1.9.1.jar;C:\Users\nitin\.m2\repository\io\opentelemetry\opentelemetry-exporter-logging\1.9.1\opentelemetry-exporter-logging-1.9.1.jar;C:\Users\nitin\.m2\repository\io\opentelemetry\opentelemetry-sdk-metrics\1.9.1-alpha\opentelemetry-sdk-metrics-1.9.1-alpha.jar;C:\Users\nitin\.m2\repository\io\opentelemetry\opentelemetry-sdk-logs\1.9.1-alpha\opentelemetry-sdk-logs-1.9.1-alpha.jar;C:\Users\nitin\.m2\repository\com\fasterxml\jackson\core\jackson-databind\2.13.0\jackson-databind-2.13.0.jar;C:\Users\nitin\.m2\repository\com\fasterxml\jackson\core\jackson-annotations\2.13.0\jackson-annotations-2.13.0.jar;C:\Users\nitin\.m2\repository\com\fasterxml\jackson\core\jackson-core\2.13.0\jackson-core-2.13.0.jar;C:\Users\nitin\.m2\repository\io\opentelemetry\opentelemetry-sdk-common\1.9.1\opentelemetry-sdk-common-1.9.1.jar;C:\Users\nitin\.m2\repository\io\opentelemetry\opentelemetry-sdk-extension-autoconfigure-spi\1.9.1\opentelemetry-sdk-extension-autoconfigure-spi-1.9.1.jar;C:\Users\nitin\.m2\repository\io\opentelemetry\opentelemetry-sdk-extension-autoconfigure\1.9.1-alpha\opentelemetry-sdk-extension-autoconfigure-1.9.1-alpha.jar;C:\Users\nitin\.m2\repository\io\opentelemetry\opentelemetry-sdk-trace\1.9.1\opentelemetry-sdk-trace-1.9.1.jar;C:\Users\nitin\.m2\repository\io\opentelemetry\opentelemetry-api-metrics\1.9.1-alpha\opentelemetry-api-metrics-1.9.1-alpha.jar;C:\Users\nitin\.m2\repository\io\opentelemetry\opentelemetry-sdk\1.9.1\opentelemetry-sdk-1.9.1.jar;C:\Users\nitin\.m2\repository\io\opentelemetry\opentelemetry-semconv\1.9.1-alpha\opentelemetry-semconv-1.9.1-alpha.jar;C:\Users\nitin\.m2\repository\io\ous\jtoml\2.0.0\jtoml-2.0.0.jar;C:\Users\nitin\.m2\repository\net\bytebuddy\byte-buddy\1.12.2\byte-buddy-1.12.2.jar;C:\Users\nitin\.m2\repository\org\apache\commons\commons-exec\1.3\commons-exec-1.3.jar;C:\Users\nitin\.m2\repository\org\asynchttpclient\async-http-client\2.12.3\async-http-client-2.12.3.jar;C:\Users\nitin\.m2\repository\org\asynchttpclient\async-http-client-netty-utils\2.12.3\async-http-client-netty-utils-2.12.3.jar;C:\Users\nitin\.m2\repository\io\netty\netty-codec-socks\4.1.60.Final\netty-codec-socks-4.1.60.Final.jar;C:\Users\nitin\.m2\repository\io\netty\netty-handler-proxy\4.1.60.Final\netty-handler-proxy-4.1.60.Final.jar;C:\Users\nitin\.m2\repository\io\netty\netty-transport-native-epoll\4.1.60.Final\netty-transport-native-epoll-4.1.60.Final-linux-x86_64.jar;C:\Users\nitin\.m2\repository\io\netty\netty-transport-native-kqueue\4.1.60.Final\netty-transport-native-kqueue-4.1.60.Final-osx-x86_64.jar;C:\Users\nitin\.m2\repository\org\reactivestreams\reactive-streams\1.0.3\reactive-streams-1.0.3.jar;C:\Users\nitin\.m2\repository\com\typesafe\netty\netty-reactive-streams\2.0.4\netty-reactive-streams-2.0.4.jar;C:\Users\nitin\.m2\repository\com\sun\activation\jakarta.activation\1.2.2\jakarta.activation-1.2.2.jar;C:\Users\nitin\.m2\repository\org\seleniumhq\selenium\selenium-http\4.1.1\selenium-http-4.1.1.jar;C:\Users\nitin\.m2\repository\net\jodah\failsafe\2.4.4\failsafe-2.4.4.jar;C:\Users\nitin\.m2\repository\org\seleniumhq\selenium\selenium-safari-driver\4.1.1\selenium-safari-driver-4.1.1.jar;C:\Users\nitin\.m2\repository\org\seleniumhq\selenium\selenium-support\4.1.1\selenium-support-4.1.1.jar;C:\Users\nitin\.m2\repository\org\seleniumhq\selenium\selenium-chrome-driver\4.6.0\selenium-chrome-driver-4.6.0.jar;C:\Users\nitin\.m2\repository\com\google\auto\service\auto-service-annotations\1.0.1\auto-service-annotations-1.0.1.jar;C:\Users\nitin\.m2\repository\com\google\auto\service\auto-service\1.0.1\auto-service-1.0.1.jar;C:\Users\nitin\.m2\repository\com\google\auto\auto-common\1.2\auto-common-1.2.jar;C:\Users\nitin\.m2\repository\com\google\guava\guava\31.1-jre\guava-31.1-jre.jar;C:\Users\nitin\.m2\repository\com\google\guava\failureaccess\1.0.1\failureaccess-1.0.1.jar;C:\Users\nitin\.m2\repository\com\google\guava\listenablefuture\9999.0-empty-to-avoid-conflict-with-guava\listenablefuture-9999.0-empty-to-avoid-conflict-with-guava.jar;C:\Users\nitin\.m2\repository\com\google\code\findbugs\jsr305\3.0.2\jsr305-3.0.2.jar;C:\Users\nitin\.m2\repository\org\checkerframework\checker-qual\3.12.0\checker-qual-3.12.0.jar;C:\Users\nitin\.m2\repository\com\google\errorprone\error_prone_annotations\2.11.0\error_prone_annotations-2.11.0.jar;C:\Users\nitin\.m2\repository\com\google\j2objc\j2objc-annotations\1.3\j2objc-annotations-1.3.jar;C:\Users\nitin\.m2\repository\org\seleniumhq\selenium\selenium-chromium-driver\4.6.0\selenium-chromium-driver-4.6.0.jar;C:\Users\nitin\.m2\repository\org\seleniumhq\selenium\selenium-json\4.6.0\selenium-json-4.6.0.jar;C:\Users\nitin\.m2\repository\org\testng\testng\6.14.3\testng-6.14.3.jar;C:\Users\nitin\.m2\repository\com\beust\jcommander\1.72\jcommander-1.72.jar;C:\Users\nitin\.m2\repository\org\apache-extras\beanshell\bsh\2.0b6\bsh-2.0b6.jar;C:\Users\nitin\.m2\repository\com\codoid\products\fillo\1.16\fillo-1.16.jar;C:\Users\nitin\.m2\repository\io\github\bonigarcia\webdrivermanager\3.0.0\webdrivermanager-3.0.0.jar;C:\Users\nitin\.m2\repository\org\slf4j\slf4j-api\1.7.25\slf4j-api-1.7.25.jar;C:\Users\nitin\.m2\repository\commons-io\commons-io\2.6\commons-io-2.6.jar;C:\Users\nitin\.m2\repository\org\apache\commons\commons-lang3\3.7\commons-lang3-3.7.jar;C:\Users\nitin\.m2\repository\org\apache\httpcomponents\httpclient\4.5.5\httpclient-4.5.5.jar;C:\Users\nitin\.m2\repository\org\apache\httpcomponents\httpcore\4.4.9\httpcore-4.4.9.jar;C:\Users\nitin\.m2\repository\commons-codec\commons-codec\1.10\commons-codec-1.10.jar;C:\Users\nitin\.m2\repository\org\rauschig\jarchivelib\0.8.0\jarchivelib-0.8.0.jar;C:\Users\nitin\.m2\repository\org\apache\commons\commons-compress\1.14\commons-compress-1.14.jar;C:\Users\nitin\.m2\repository\org\jsoup\jsoup\1.11.3\jsoup-1.11.3.jar;C:\Users\nitin\.m2\repository\com\aventstack\extentreports\3.0.7\extentreports-3.0.7.jar;C:\Users\nitin\.m2\repository\org\mongodb\mongodb-driver\3.3.0\mongodb-driver-3.3.0.jar;C:\Users\nitin\.m2\repository\org\mongodb\bson\3.3.0\bson-3.3.0.jar;C:\Users\nitin\.m2\repository\org\mongodb\mongodb-driver-core\3.3.0\mongodb-driver-core-3.3.0.jar;C:\Users\nitin\.m2\repository\org\apache\httpcomponents\httpmime\4.5.2\httpmime-4.5.2.jar;C:\Users\nitin\.m2\repository\com\aventstack\extentreports-testng-adapter\1.2.2\extentreports-testng-adapter-1.2.2.jar;C:\Users\nitin\.m2\repository\com\aventstack\klov-reporter\5.0.1\klov-reporter-5.0.1.jar;C:\Users\nitin\.m2\repository\org\freemarker\freemarker\2.3.23\freemarker-2.3.23.jar;C:\Users\nitin\.m2\repository\io\cucumber\cucumber-java\4.2.0\cucumber-java-4.2.0.jar;C:\Users\nitin\.m2\repository\io\cucumber\cucumber-core\4.2.0\cucumber-core-4.2.0.jar;C:\Users\nitin\.m2\repository\io\cucumber\cucumber-html\0.2.7\cucumber-html-0.2.7.jar;C:\Users\nitin\.m2\repository\io\cucumber\tag-expressions\1.1.1\tag-expressions-1.1.1.jar;C:\Users\nitin\.m2\repository\io\cucumber\cucumber-expressions\6.2.0\cucumber-expressions-6.2.0.jar;C:\Users\nitin\.m2\repository\io\cucumber\datatable\1.1.7\datatable-1.1.7.jar;C:\Users\nitin\.m2\repository\io\cucumber\datatable-dependencies\1.1.7\datatable-dependencies-1.1.7.jar;C:\Users\nitin\.m2\repository\io\cucumber\cucumber-testng\4.2.0\cucumber-testng-4.2.0.jar;C:\Users\nitin\.m2\repository\io\cucumber\cucumber-picocontainer\4.2.0\cucumber-picocontainer-4.2.0.jar;C:\Users\nitin\.m2\repository\io\cucumber\gherkin\5.1.0\gherkin-5.1.0.jar;C:\Users\nitin\.m2\repository\org\picocontainer\picocontainer\2.15\picocontainer-2.15.jar;C:\Users\nitin\.m2\repository\io\cucumber\cucumber-jvm-deps\1.0.6\cucumber-jvm-deps-1.0.6.jar;C:\Users\nitin\.m2\repository\info\cukes\cucumber-java\1.2.5\cucumber-java-1.2.5.jar;C:\Users\nitin\.m2\repository\info\cukes\cucumber-core\1.2.5\cucumber-core-1.2.5.jar;C:\Users\nitin\.m2\repository\info\cukes\cucumber-html\0.2.3\cucumber-html-0.2.3.jar;C:\Users\nitin\.m2\repository\info\cukes\cucumber-jvm-deps\1.0.5\cucumber-jvm-deps-1.0.5.jar;C:\Users\nitin\.m2\repository\info\cukes\gherkin\2.12.2\gherkin-2.12.2.jar;"/>
    <property name="sun.cpu.endian" value="little"/>
    <property name="user.home" value="C:\Users\nitin"/>
    <property name="user.language" value="en"/>
    <property name="java.specification.vendor" value="Oracle Corporation"/>
    <property name="java.home" value="C:\Program Files\Java\jre1.8.0_251"/>
    <property name="basedir" value="C:\Users\nitin\Dropbox\My PC (LAPTOP-C379US1T)\Downloads\SPED\SpedAutomation\SpedE2EAutomation"/>
    <property name="file.separator" value="\"/>
    <property name="line.separator" value="&#10;"/>
    <property name="java.vm.specification.vendor" value="Oracle Corporation"/>
    <property name="java.specification.name" value="Java Platform API Specification"/>
    <property name="java.awt.graphicsenv" value="sun.awt.Win32GraphicsEnvironment"/>
    <property name="surefire.real.class.path" value="C:\Users\nitin\AppData\Local\Temp\surefire5538160036111176453\surefirebooter7436819606967468767.jar"/>
    <property name="sun.boot.class.path" value="C:\Program Files\Java\jre1.8.0_251\lib\resources.jar;C:\Program Files\Java\jre1.8.0_251\lib\rt.jar;C:\Program Files\Java\jre1.8.0_251\lib\sunrsasign.jar;C:\Program Files\Java\jre1.8.0_251\lib\jsse.jar;C:\Program Files\Java\jre1.8.0_251\lib\jce.jar;C:\Program Files\Java\jre1.8.0_251\lib\charsets.jar;C:\Program Files\Java\jre1.8.0_251\lib\jfr.jar;C:\Program Files\Java\jre1.8.0_251\classes"/>
    <property name="user.script" value=""/>
    <property name="sun.management.compiler" value="HotSpot 64-Bit Tiered Compilers"/>
    <property name="java.runtime.version" value="1.8.0_251-b08"/>
    <property name="user.name" value="nitin"/>
    <property name="path.separator" value=";"/>
    <property name="os.version" value="10.0"/>
    <property name="java.endorsed.dirs" value="C:\Program Files\Java\jre1.8.0_251\lib\endorsed"/>
    <property name="java.runtime.name" value="Java(TM) SE Runtime Environment"/>
    <property name="file.encoding" value="Cp1252"/>
    <property name="java.vm.name" value="Java HotSpot(TM) 64-Bit Server VM"/>
    <property name="localRepository" value="C:\Users\nitin\.m2\repository"/>
    <property name="java.vendor.url.bug" value="http://bugreport.sun.com/bugreport/"/>
    <property name="java.io.tmpdir" value="C:\Users\nitin\AppData\Local\Temp\"/>
    <property name="java.version" value="1.8.0_251"/>
    <property name="user.dir" value="C:\Users\nitin\Dropbox\My PC (LAPTOP-C379US1T)\Downloads\SPED\SpedAutomation\SpedE2EAutomation"/>
    <property name="os.arch" value="amd64"/>
    <property name="java.vm.specification.name" value="Java Virtual Machine Specification"/>
    <property name="java.awt.printerjob" value="sun.awt.windows.WPrinterJob"/>
    <property name="sun.os.patch.level" value=""/>
    <property name="java.library.path" value="C:\Program Files\Java\jre1.8.0_251\bin;C:\WINDOWS\Sun\Java\bin;C:\WINDOWS\system32;C:\WINDOWS;C:/Program Files/Java/jre1.8.0_251/bin/server;C:/Program Files/Java/jre1.8.0_251/bin;C:/Program Files/Java/jre1.8.0_251/lib/amd64;C:\Program Files\Common Files\Oracle\Java\javapath;C:\Program Files (x86)\Common Files\Oracle\Java\javapath;C:\Windows\system32;C:\Windows;C:\Windows\System32\Wbem;C:\Windows\System32\WindowsPowerShell\v1.0\;C:\Windows\System32\OpenSSH\;C:\Program Files (x86)\NVIDIA Corporation\PhysX\Common;C:\WINDOWS\system32;C:\WINDOWS;C:\WINDOWS\System32\Wbem;C:\WINDOWS\System32\WindowsPowerShell\v1.0\;C:\WINDOWS\System32\OpenSSH\;C:\Program Files\NVIDIA Corporation\NVIDIA NvDLISR;C:\Program Files\MongoDB\Server\4.4\bin;C:\Program Files\nodejs\;C:\Program Files\Microsoft SQL Server\150\Tools\Binn\;C:\Program Files\Microsoft SQL Server\Client SDK\ODBC\170\Tools\Binn\;C:\Program Files\dotnet\;C:\Program Files (x86)\dotnet\;C:\Program Files\Java\jdk-17.0.5\bin;C:\Program Files\Git\cmd;C:\Program Files\MySQL\MySQL Shell 8.0\bin\;C:\Users\nitin\AppData\Local\Microsoft\WindowsApps;C:\Users\nitin\AppData\Roaming\npm;C:\Users\nitin\AppData\Local\Programs\Microsoft VS Code\bin;C:\Users\nitin\.dotnet\tools;C:\Users\nitin\AppData\Local\GitHubDesktop\bin;C:\Program Files\Java\jdk-17.0.5\bin;;C:\Users\nitin\Dropbox\My PC (LAPTOP-C379US1T)\Desktop;;."/>
    <property name="java.vm.info" value="mixed mode"/>
    <property name="java.vendor" value="Oracle Corporation"/>
    <property name="java.vm.version" value="25.251-b08"/>
    <property name="java.ext.dirs" value="C:\Program Files\Java\jre1.8.0_251\lib\ext;C:\WINDOWS\Sun\Java\lib\ext"/>
    <property name="sun.io.unicode.encoding" value="UnicodeLittle"/>
    <property name="java.class.version" value="52.0"/>
  </properties>
  <testcase name="feature" classname="com.spedtestautomation.TestRunner.TestRunner" time="4.911"/>
  <testcase name="feature" classname="com.spedtestautomation.TestRunner.TestRunner" time="0.224"/>
</testsuite>