<?xml version="1.0" encoding="UTF-8"?>
<!-- Generated by org.testng.reporters.JUnitReportReporter -->
<testsuite skipped="0" hostname="LAPTOP-C379US1T" name="com.spedtestautomation.TestRunner.TestRunner" tests="2" failures="0" timestamp="2 Dec 2022 15:29:37 GMT" time="7.207" errors="0">
  <testcase name="feature" time="3.761" classname="com.spedtestautomation.TestRunner.TestRunner"/>
  <testcase name="feature" time="3.446" classname="com.spedtestautomation.TestRunner.TestRunner"/>
</testsuite> <!-- com.spedtestautomation.TestRunner.TestRunner -->
