<?xml version="1.0" encoding="UTF-8"?>
<!-- Generated by org.testng.reporters.JUnitReportReporter -->
<testsuite skipped="0" hostname="LAPTOP-C379US1T" name="com.spedtestautomation.TestRunner.TestRunner" tests="2" failures="0" timestamp="07 Dec 2022 14:49:26 GMT" time="5.136" errors="0">
  <testcase name="feature" time="4.910" classname="com.spedtestautomation.TestRunner.TestRunner"/>
  <testcase name="feature" time="0.226" classname="com.spedtestautomation.TestRunner.TestRunner"/>
</testsuite> <!-- com.spedtestautomation.TestRunner.TestRunner -->
